[21:07:31] [Server thread/INFO]: [LightCleaner] LightCleaner disabled!
[21:07:31] [Server thread/INFO]: [AuthMe] Disabling AuthMe v5.6.0-SNAPSHOT-b2388
[21:07:31] [Server thread/INFO]: [AuthMe] Waiting for 0 tasks to finish
[21:07:31] [Server thread/INFO]: [AuthMe] AuthMe 5.6.0-SNAPSHOT-b2388 disabled!
[21:07:31] [Server thread/INFO]: [Lift] Disabling Lift v63
[21:07:31] [Server thread/INFO]: Lift v63 is now disabled!
[21:07:31] [Server thread/INFO]: [Multiverse-Core] Disabling Multiverse-Core v4.1.1-SNAPSHOT-b777
[21:07:31] [Server thread/INFO]: [BKCommonLib] Disabling BKCommonLib v1.15.2-v4-SNAPSHOT
[21:07:31] [Server thread/INFO]: [EssentialsSpawn] Disabling EssentialsSpawn v2.17.2.0
[21:07:31] [Server thread/INFO]: [Essentials] Disabling Essentials v2.17.2.0
[21:07:31] [pool-13-thread-1/ERROR]: No space left on device
java.io.IOException: No space left on device
	at java.io.FileOutputStream.writeBytes(Native Method) ~[?:1.8.0_275]
	at java.io.FileOutputStream.write(FileOutputStream.java:326) ~[?:1.8.0_275]
	at sun.nio.cs.StreamEncoder.writeBytes(StreamEncoder.java:221) ~[?:1.8.0_275]
	at sun.nio.cs.StreamEncoder.implClose(StreamEncoder.java:316) ~[?:1.8.0_275]
	at sun.nio.cs.StreamEncoder.close(StreamEncoder.java:149) ~[?:1.8.0_275]
	at java.io.OutputStreamWriter.close(OutputStreamWriter.java:233) ~[?:1.8.0_275]
	at com.earth2me.essentials.EssentialsConf$WriteRunner.run(EssentialsConf.java:335) [EssentialsX-2.17.2.0.jar:?]
	at java.util.concurrent.Executors$RunnableAdapter.call(Executors.java:511) [?:1.8.0_275]
	at java.util.concurrent.FutureTask.run(FutureTask.java:266) [?:1.8.0_275]
	at java.util.concurrent.ThreadPoolExecutor.runWorker(ThreadPoolExecutor.java:1149) [?:1.8.0_275]
	at java.util.concurrent.ThreadPoolExecutor$Worker.run(ThreadPoolExecutor.java:624) [?:1.8.0_275]
	at java.lang.Thread.run(Thread.java:748) [?:1.8.0_275]
[21:07:31] [Server thread/INFO]: [WorldEdit] Disabling WorldEdit v7.2.0-SNAPSHOT+4982-df3b373
[21:07:31] [Server thread/INFO]: Unregistering com.sk89q.worldedit.bukkit.BukkitServerInterface from WorldEdit
[21:07:31] [Server thread/INFO]: [dynmap] Disabling dynmap v3.0-beta-10-257
[21:07:31] [Server thread/INFO]: [dynmap] Unloaded 11 components.
[21:07:31] [Server thread/INFO]: [dynmap] Stopping map renderer...
[21:07:31] [Server thread/INFO]: [dynmap] Full render job saved for world 'world_china'
[21:07:31] [Server thread/ERROR]: Error occurred while disabling dynmap v3.0-beta-10-257 (Is it up to date?)
org.dynmap.snakeyaml.error.YAMLException: java.io.IOException: No space left on device
	at org.dynmap.snakeyaml.Yaml.dumpAll(Yaml.java:311) ~[?:?]
	at org.dynmap.snakeyaml.Yaml.dump(Yaml.java:285) ~[?:?]
	at org.dynmap.ConfigurationNode.save(ConfigurationNode.java:124) ~[?:?]
	at org.dynmap.MapManager.savePending(MapManager.java:1410) ~[?:?]
	at org.dynmap.MapManager.stopRendering(MapManager.java:1480) ~[?:?]
	at org.dynmap.DynmapCore.disableCore(DynmapCore.java:926) ~[?:?]
	at org.dynmap.bukkit.DynmapPlugin.onDisable(DynmapPlugin.java:967) ~[?:?]
	at org.bukkit.plugin.java.JavaPlugin.setEnabled(JavaPlugin.java:265) ~[spigot-1.15.2.jar:git-Spigot-e7dc2f5-ce66f69]
	at org.bukkit.plugin.java.JavaPluginLoader.disablePlugin(JavaPluginLoader.java:376) [spigot-1.15.2.jar:git-Spigot-e7dc2f5-ce66f69]
	at org.bukkit.plugin.SimplePluginManager.disablePlugin(SimplePluginManager.java:501) [spigot-1.15.2.jar:git-Spigot-e7dc2f5-ce66f69]
	at org.bukkit.plugin.SimplePluginManager.disablePlugins(SimplePluginManager.java:493) [spigot-1.15.2.jar:git-Spigot-e7dc2f5-ce66f69]
	at org.bukkit.craftbukkit.v1_15_R1.CraftServer.disablePlugins(CraftServer.java:398) [spigot-1.15.2.jar:git-Spigot-e7dc2f5-ce66f69]
	at net.minecraft.server.v1_15_R1.MinecraftServer.stop(MinecraftServer.java:699) [spigot-1.15.2.jar:git-Spigot-e7dc2f5-ce66f69]
	at net.minecraft.server.v1_15_R1.DedicatedServer.stop(DedicatedServer.java:696) [spigot-1.15.2.jar:git-Spigot-e7dc2f5-ce66f69]
	at net.minecraft.server.v1_15_R1.MinecraftServer.run(MinecraftServer.java:864) [spigot-1.15.2.jar:git-Spigot-e7dc2f5-ce66f69]
	at java.lang.Thread.run(Thread