[23:42:04] [Server thread/INFO]: Starting minecraft server version 1.15.2
[23:42:04] [Server thread/INFO]: Loading properties
[23:42:05] [Server thread/INFO]: This server is running Paper version git-Paper-162 (MC: 1.15.2) (Implementing API version 1.15.2-R0.1-SNAPSHOT)
[23:42:05] [Server thread/INFO]: Debug logging is disabled
[23:42:05] [Server thread/INFO]: Server Ping Player Sample Count: 12
[23:42:05] [Server thread/INFO]: Using 4 threads for Netty based IO
[23:42:05] [Server thread/INFO]: Default game type: SURVIVAL
[23:42:05] [Server thread/INFO]: Generating keypair
[23:42:05] [Server thread/INFO]: Starting Minecraft server on *:25565
[23:42:05] [Server thread/INFO]: Using default channel type
[23:42:06] [Server thread/WARN]: Initializing Legacy Material Support. Unless you have legacy plugins and/or data this is a bug!
[23:42:10] [Server thread/WARN]: Legacy plugin dynmap v3.0-beta-10-257 does not specify an api-version.
[23:42:10] [Server thread/INFO]: [dynmap] Loading dynmap v3.0-beta-10-257
[23:42:11] [Server thread/INFO]: [dynmap] version=git-Paper-162 (MC: 1.15.2)
[23:42:11] [Server thread/INFO]: [dynmap] Unload queue not found - default to unload all chunks
[23:42:11] [Server thread/INFO]: [dynmap] inhabitedTicks field not found - inhabited shader not functional
[23:42:11] [Server thread/INFO]: [dynmap] Mod Support API available
[23:42:11] [Server thread/INFO]: [PlugMan] Loading PlugMan v2.1.7
[23:42:11] [Server thread/INFO]: [WorldEdit] Loading WorldEdit v7.2.0-SNAPSHOT+4962-56d0c6e
[23:42:11] [Server thread/INFO]: Got request to register class com.sk89q.worldedit.bukkit.BukkitServerInterface with WorldEdit [com.sk89q.worldedit.extension.platform.PlatformManager@1921ca10]
[23:42:11] [Server thread/INFO]: [Essentials] Loading Essentials v2.17.2.0
[23:42:11] [Server thread/INFO]: [EssentialsSpawn] Loading EssentialsSpawn v2.17.2.0
[23:42:11] [Server thread/INFO]: [Lift] Loading Lift v63
[23:42:11] [Server thread/INFO]: [Multiverse-Core] Loading Multiverse-Core v4.1.0-b775
[23:42:11] [Server thread/INFO]: [AuthMe] Loading AuthMe v5.6.0-SNAPSHOT-b2388
[23:42:11] [Server thread/INFO]: [Multiverse-Portals] Loading Multiverse-Portals v4.1.0-b805
[23:42:11] [Server thread/INFO]: [Multiverse-Inventories] Loading Multiverse-Inventories v3.0.0-b459
[23:42:11] [Server thread/INFO]: [Multiverse-SignPortals] Loading Multiverse-SignPortals v4.1.0-b748
[23:42:11] [Server thread/INFO]: [Multiverse-NetherPortals] Loading Multiverse-NetherPortals v4.1.0-b763
[23:42:11] [Server thread/INFO]: Server permissions file permissions.yml is empty, ignoring it
[23:42:11] [Server thread/INFO]: [WorldEdit] Enabling WorldEdit v7.2.0-SNAPSHOT+4962-56d0c6e
[23:42:11] [Server thread/INFO]: WEPIF: Using the Bukkit Permissions API.
[23:42:11] [Server thread/INFO]: Using com.sk89q.worldedit.bukkit.adapter.impl.Spigot_v1_15_R2 as the Bukkit adapter
